Performing system checks...

System check identified no issues (0 silenced).
January 08, 2016 - 04:21:10
Django version 1.9, using settings 'mbta_django.settings'
Starting development server at http://127.0.0.1:8000/
Quit the server with CONTROL-C.
Performing system checks...

System check identified no issues (0 silenced).
January 08, 2016 - 04:25:07
Django version 1.9, using settings 'mbta_django.settings'
Starting development server at http://127.0.0.1:8000/
Quit the server with CONTROL-C.
Performing system checks...

January 08, 2016 - 04:25:22
Django version 1.9, using settings 'mbta_django.settings'
Starting development server at http://127.0.0.1:8000/
Quit the server with CONTROL-C.
Performing system checks...

System check identified no issues (0 silenced).
January 08, 2016 - 04:25:31
Django version 1.9, using settings 'mbta_django.settings'
Starting development server at http://127.0.0.1:8000/
Quit the server with CONTROL-C.
Performing system checks...

January 08, 2016 - 04:25:45
Django version 1.9, using settings 'mbta_django.settings'
Starting development server at http://127.0.0.1:8000/
Quit the server with CONTROL-C.
Performing system checks...

January 08, 2016 - 04:25:54
Django version 1.9, using settings 'mbta_django.settings'
Starting development server at http://127.0.0.1:8000/
Quit the server with CONTROL-C.
Performing system checks...

January 08, 2016 - 04:25:58
Django version 1.9, using settings 'mbta_django.settings'
Starting development server at http://127.0.0.1:8000/
Quit the server with CONTROL-C.
Performing system checks...

Performing system checks...

January 08, 2016 - 04:27:06
Django version 1.9, using settings 'mbta_django.settings'
Starting development server at http://127.0.0.1:8000/
Quit the server with CONTROL-C.
Performing system checks...

January 08, 2016 - 04:27:31
Django version 1.9, using settings 'mbta_django.settings'
Starting development server at http://127.0.0.1:8000/
Quit the server with CONTROL-C.
Performing system checks...

Performing system checks...

January 08, 2016 - 15:40:15
Django version 1.9, using settings 'mbta_django.settings'
Starting development server at http://127.0.0.1:8000/
Quit the server with CONTROL-C.
Performing system checks...

January 08, 2016 - 15:40:41
Django version 1.9, using settings 'mbta_django.settings'
Starting development server at http://127.0.0.1:8000/
Quit the server with CONTROL-C.
Performing system checks...

January 08, 2016 - 15:59:21
Django version 1.9, using settings 'mbta_django.settings'
Starting development server at http://127.0.0.1:8000/
Quit the server with CONTROL-C.
Performing system checks...

January 08, 2016 - 15:59:29
Django version 1.9, using settings 'mbta_django.settings'
Starting development server at http://127.0.0.1:8000/
Quit the server with CONTROL-C.
Performing system checks...

January 08, 2016 - 16:01:34
Django version 1.9, using settings 'mbta_django.settings'
Starting development server at http://127.0.0.1:8000/
Quit the server with CONTROL-C.
Performing system checks...

January 08, 2016 - 16:03:13
Django version 1.9, using settings 'mbta_django.settings'
Starting development server at http://127.0.0.1:8000/
Quit the server with CONTROL-C.
Performing system checks...

January 08, 2016 - 16:15:15
Django version 1.9, using settings 'mbta_django.settings'
Starting development server at http://127.0.0.1:8000/
Quit the server with CONTROL-C.
Performing system checks...

January 08, 2016 - 16:15:17
Django version 1.9, using settings 'mbta_django.settings'
Starting development server at http://127.0.0.1:8000/
Quit the server with CONTROL-C.
Performing system checks...

January 08, 2016 - 17:44:45
Django version 1.9, using settings 'mbta_django.settings'
Starting development server at http://127.0.0.1:8000/
Quit the server with CONTROL-C.
Performing system checks...

January 08, 2016 - 17:53:17
Django version 1.9, using settings 'mbta_django.settings'
Starting development server at http://127.0.0.1:8000/
Quit the server with CONTROL-C.
Performing system checks...

January 08, 2016 - 21:26:19
Django version 1.9, using settings 'mbta_django.settings'
Starting development server at http://127.0.0.1:8000/
Quit the server with CONTROL-C.
Performing system checks...

Performing system checks...

January 08, 2016 - 21:27:31
Django version 1.9, using settings 'mbta_django.settings'
Starting development server at http://127.0.0.1:8000/
Quit the server with CONTROL-C.
Performing system checks...

January 08, 2016 - 21:41:57
Django version 1.9, using settings 'mbta_django.settings'
Starting development server at http://127.0.0.1:8000/
Quit the server with CONTROL-C.
Performing system checks...

January 09, 2016 - 04:01:54
Django version 1.9, using settings 'mbta_django.settings'
Starting development server at http://127.0.0.1:8000/
Quit the server with CONTROL-C.
Performing system checks...

January 09, 2016 - 04:02:12
Django version 1.9, using settings 'mbta_django.settings'
Starting development server at http://127.0.0.1:8000/
Quit the server with CONTROL-C.
Performing system checks...

January 09, 2016 - 04:02:33
Django version 1.9, using settings 'mbta_django.settings'
Starting development server at http://127.0.0.1:8000/
Quit the server with CONTROL-C.
Performing system checks...

January 09, 2016 - 04:03:14
Django version 1.9, using settings 'mbta_django.settings'
Starting development server at http://127.0.0.1:8000/
Quit the server with CONTROL-C.
Performing system checks...

January 09, 2016 - 04:03:28
Django version 1.9, using settings 'mbta_django.settings'
Starting development server at http://127.0.0.1:8000/
Quit the server with CONTROL-C.
Performing system checks...

Performing system checks...

January 09, 2016 - 04:03:40
Django version 1.9, using settings 'mbta_django.settings'
Starting development server at http://127.0.0.1:8000/
Quit the server with CONTROL-C.
Performing system checks...

Performing system checks...

Performing system checks...

Performing system checks...

January 09, 2016 - 04:06:01
Django version 1.9, using settings 'mbta_django.settings'
Starting development server at http://127.0.0.1:8000/
Quit the server with CONTROL-C.
Performing system checks...

January 09, 2016 - 04:06:32
Django version 1.9, using settings 'mbta_django.settings'
Starting development server at http://127.0.0.1:8000/
Quit the server with CONTROL-C.
Performing system checks...

January 09, 2016 - 04:07:14
Django version 1.9, using settings 'mbta_django.settings'
Starting development server at http://127.0.0.1:8000/
Quit the server with CONTROL-C.
Performing system checks...

January 09, 2016 - 04:07:22
Django version 1.9, using settings 'mbta_django.settings'
Starting development server at http://127.0.0.1:8000/
Quit the server with CONTROL-C.
Performing system checks...

January 09, 2016 - 04:07:37
Django version 1.9, using settings 'mbta_django.settings'
Starting development server at http://127.0.0.1:8000/
Quit the server with CONTROL-C.
Performing system checks...

January 09, 2016 - 04:08:01
Django version 1.9, using settings 'mbta_django.settings'
Starting development server at http://127.0.0.1:8000/
Quit the server with CONTROL-C.
Performing system checks...

January 09, 2016 - 04:08:40
Django version 1.9, using settings 'mbta_django.settings'
Starting development server at http://127.0.0.1:8000/
Quit the server with CONTROL-C.
Performing system checks...

January 09, 2016 - 04:09:00
Django version 1.9, using settings 'mbta_django.settings'
Starting development server at http://127.0.0.1:8000/
Quit the server with CONTROL-C.
Performing system checks...

Performing system checks...

January 09, 2016 - 04:09:08
Django version 1.9, using settings 'mbta_django.settings'
Starting development server at http://127.0.0.1:8000/
Quit the server with CONTROL-C.
Performing system checks...

January 09, 2016 - 04:09:33
Django version 1.9, using settings 'mbta_django.settings'
Starting development server at http://127.0.0.1:8000/
Quit the server with CONTROL-C.
Performing system checks...

January 09, 2016 - 04:09:42
Django version 1.9, using settings 'mbta_django.settings'
Starting development server at http://127.0.0.1:8000/
Quit the server with CONTROL-C.
Performing system checks...

January 09, 2016 - 04:10:26
Django version 1.9, using settings 'mbta_django.settings'
Starting development server at http://127.0.0.1:8000/
Quit the server with CONTROL-C.
Performing system checks...

January 09, 2016 - 04:10:58
Django version 1.9, using settings 'mbta_django.settings'
Starting development server at http://127.0.0.1:8000/
Quit the server with CONTROL-C.
Performing system checks...

January 09, 2016 - 04:11:39
Django version 1.9, using settings 'mbta_django.settings'
Starting development server at http://127.0.0.1:8000/
Quit the server with CONTROL-C.
Performing system checks...

January 09, 2016 - 04:13:36
Django version 1.9, using settings 'mbta_django.settings'
Starting development server at http://127.0.0.1:8000/
Quit the server with CONTROL-C.
Performing system checks...

January 09, 2016 - 04:13:40
Django version 1.9, using settings 'mbta_django.settings'
Starting development server at http://127.0.0.1:8000/
Quit the server with CONTROL-C.
Performing system checks...

January 09, 2016 - 04:13:42
Django version 1.9, using settings 'mbta_django.settings'
Starting development server at http://127.0.0.1:8000/
Quit the server with CONTROL-C.
Performing system checks...

January 09, 2016 - 04:13:52
Django version 1.9, using settings 'mbta_django.settings'
Starting development server at http://127.0.0.1:8000/
Quit the server with CONTROL-C.
Performing system checks...

January 09, 2016 - 04:14:51
Django version 1.9, using settings 'mbta_django.settings'
Starting development server at http://127.0.0.1:8000/
Quit the server with CONTROL-C.
Performing system checks...

January 09, 2016 - 04:14:56
Django version 1.9, using settings 'mbta_django.settings'
Starting development server at http://127.0.0.1:8000/
Quit the server with CONTROL-C.
Performing system checks...

January 09, 2016 - 04:17:25
Django version 1.9, using settings 'mbta_django.settings'
Starting development server at http://127.0.0.1:8000/
Quit the server with CONTROL-C.
Performing system checks...

January 09, 2016 - 04:17:37
Django version 1.9, using settings 'mbta_django.settings'
Starting development server at http://127.0.0.1:8000/
Quit the server with CONTROL-C.
Performing system checks...

January 09, 2016 - 04:17:46
Django version 1.9, using settings 'mbta_django.settings'
Starting development server at http://127.0.0.1:8000/
Quit the server with CONTROL-C.
Performing system checks...

January 09, 2016 - 04:17:59
Django version 1.9, using settings 'mbta_django.settings'
Starting development server at http://127.0.0.1:8000/
Quit the server with CONTROL-C.
Performing system checks...

January 09, 2016 - 04:18:52
Django version 1.9, using settings 'mbta_django.settings'
Starting development server at http://127.0.0.1:8000/
Quit the server with CONTROL-C.
Performing system checks...

January 09, 2016 - 04:18:57
Django version 1.9, using settings 'mbta_django.settings'
Starting development server at http://127.0.0.1:8000/
Quit the server with CONTROL-C.
Performing system checks...

January 09, 2016 - 04:19:15
Django version 1.9, using settings 'mbta_django.settings'
Starting development server at http://127.0.0.1:8000/
Quit the server with CONTROL-C.
Performing system checks...

January 09, 2016 - 04:19:24
Django version 1.9, using settings 'mbta_django.settings'
Starting development server at http://127.0.0.1:8000/
Quit the server with CONTROL-C.
Performing system checks...

January 09, 2016 - 18:03:18
Django version 1.9, using settings 'mbta_django.settings'
Starting development server at http://127.0.0.1:8000/
Quit the server with CONTROL-C.
Performing system checks...

January 09, 2016 - 18:04:31
Django version 1.9, using settings 'mbta_django.settings'
Starting development server at http://127.0.0.1:8000/
Quit the server with CONTROL-C.
Performing system checks...

January 09, 2016 - 18:04:36
Django version 1.9, using settings 'mbta_django.settings'
Starting development server at http://127.0.0.1:8000/
Quit the server with CONTROL-C.
Performing system checks...

January 09, 2016 - 18:04:39
Django version 1.9, using settings 'mbta_django.settings'
Starting development server at http://127.0.0.1:8000/
Quit the server with CONTROL-C.
Performing system checks...

January 09, 2016 - 18:06:27
Django version 1.9, using settings 'mbta_django.settings'
Starting development server at http://127.0.0.1:8000/
Quit the server with CONTROL-C.
Performing system checks...

January 09, 2016 - 18:06:41
Django version 1.9, using settings 'mbta_django.settings'
Starting development server at http://127.0.0.1:8000/
Quit the server with CONTROL-C.
Performing system checks...

January 09, 2016 - 18:07:38
Django version 1.9, using settings 'mbta_django.settings'
Starting development server at http://127.0.0.1:8000/
Quit the server with CONTROL-C.
Performing system checks...

January 09, 2016 - 18:10:59
Django version 1.9, using settings 'mbta_django.settings'
Starting development server at http://127.0.0.1:8000/
Quit the server with CONTROL-C.
Performing system checks...

January 09, 2016 - 18:11:18
Django version 1.9, using settings 'mbta_django.settings'
Starting development server at http://127.0.0.1:8000/
Quit the server with CONTROL-C.
Performing system checks...

January 09, 2016 - 18:11:22
Django version 1.9, using settings 'mbta_django.settings'
Starting development server at http://127.0.0.1:8000/
Quit the server with CONTROL-C.
Performing system checks...

January 09, 2016 - 18:11:37
Django version 1.9, using settings 'mbta_django.settings'
Starting development server at http://127.0.0.1:8000/
Quit the server with CONTROL-C.
Performing system checks...

January 09, 2016 - 18:11:43
Django version 1.9, using settings 'mbta_django.settings'
Starting development server at http://127.0.0.1:8000/
Quit the server with CONTROL-C.
Performing system checks...

January 09, 2016 - 18:11:57
Django version 1.9, using settings 'mbta_django.settings'
Starting development server at http://127.0.0.1:8000/
Quit the server with CONTROL-C.
Performing system checks...

January 09, 2016 - 18:12:07
Django version 1.9, using settings 'mbta_django.settings'
Starting development server at http://127.0.0.1:8000/
Quit the server with CONTROL-C.
Performing system checks...

January 09, 2016 - 18:14:05
Django version 1.9, using settings 'mbta_django.settings'
Starting development server at http://127.0.0.1:8000/
Quit the server with CONTROL-C.
Performing system checks...

January 09, 2016 - 18:14:17
Django version 1.9, using settings 'mbta_django.settings'
Starting development server at http://127.0.0.1:8000/
Quit the server with CONTROL-C.
Performing system checks...

January 09, 2016 - 18:14:44
Django version 1.9, using settings 'mbta_django.settings'
Starting development server at http://127.0.0.1:8000/
Quit the server with CONTROL-C.
Performing system checks...

January 09, 2016 - 18:15:32
Django version 1.9, using settings 'mbta_django.settings'
Starting development server at http://127.0.0.1:8000/
Quit the server with CONTROL-C.
Performing system checks...

January 09, 2016 - 18:15:35
Django version 1.9, using settings 'mbta_django.settings'
Starting development server at http://127.0.0.1:8000/
Quit the server with CONTROL-C.
Performing system checks...

January 09, 2016 - 18:15:55
Django version 1.9, using settings 'mbta_django.settings'
Starting development server at http://127.0.0.1:8000/
Quit the server with CONTROL-C.
Performing system checks...

January 09, 2016 - 18:16:43
Django version 1.9, using settings 'mbta_django.settings'
Starting development server at http://127.0.0.1:8000/
Quit the server with CONTROL-C.
Performing system checks...

January 09, 2016 - 18:17:39
Django version 1.9, using settings 'mbta_django.settings'
Starting development server at http://127.0.0.1:8000/
Quit the server with CONTROL-C.
Performing system checks...

January 09, 2016 - 18:17:57
Django version 1.9, using settings 'mbta_django.settings'
Starting development server at http://127.0.0.1:8000/
Quit the server with CONTROL-C.
Performing system checks...

January 09, 2016 - 18:20:28
Django version 1.9, using settings 'mbta_django.settings'
Starting development server at http://127.0.0.1:8000/
Quit the server with CONTROL-C.
Performing system checks...

January 09, 2016 - 18:20:45
Django version 1.9, using settings 'mbta_django.settings'
Starting development server at http://127.0.0.1:8000/
Quit the server with CONTROL-C.
Performing system checks...

January 09, 2016 - 18:21:08
Django version 1.9, using settings 'mbta_django.settings'
Starting development server at http://127.0.0.1:8000/
Quit the server with CONTROL-C.
Performing system checks...

Performing system checks...

Performing system checks...

Performing system checks...

Performing system checks...

Performing system checks...

Performing system checks...

January 09, 2016 - 18:24:17
Django version 1.9, using settings 'mbta_django.settings'
Starting development server at http://127.0.0.1:8000/
Quit the server with CONTROL-C.
Performing system checks...

January 09, 2016 - 18:24:44
Django version 1.9, using settings 'mbta_django.settings'
Starting development server at http://127.0.0.1:8000/
Quit the server with CONTROL-C.
Performing system checks...

January 09, 2016 - 18:25:03
Django version 1.9, using settings 'mbta_django.settings'
Starting development server at http://127.0.0.1:8000/
Quit the server with CONTROL-C.
Performing system checks...

January 09, 2016 - 18:25:14
Django version 1.9, using settings 'mbta_django.settings'
Starting development server at http://127.0.0.1:8000/
Quit the server with CONTROL-C.
Performing system checks...

January 09, 2016 - 18:25:38
Django version 1.9, using settings 'mbta_django.settings'
Starting development server at http://127.0.0.1:8000/
Quit the server with CONTROL-C.
Performing system checks...

January 09, 2016 - 18:25:48
Django version 1.9, using settings 'mbta_django.settings'
Starting development server at http://127.0.0.1:8000/
Quit the server with CONTROL-C.
Performing system checks...

January 09, 2016 - 18:26:00
Django version 1.9, using settings 'mbta_django.settings'
Starting development server at http://127.0.0.1:8000/
Quit the server with CONTROL-C.
Performing system checks...

January 09, 2016 - 18:26:07
Django version 1.9, using settings 'mbta_django.settings'
Starting development server at http://127.0.0.1:8000/
Quit the server with CONTROL-C.
Performing system checks...

January 09, 2016 - 18:26:26
Django version 1.9, using settings 'mbta_django.settings'
Starting development server at http://127.0.0.1:8000/
Quit the server with CONTROL-C.
Performing system checks...

January 09, 2016 - 18:26:30
Django version 1.9, using settings 'mbta_django.settings'
Starting development server at http://127.0.0.1:8000/
Quit the server with CONTROL-C.
Performing system checks...

Performing system checks...

January 09, 2016 - 18:28:33
Django version 1.9, using settings 'mbta_django.settings'
Starting development server at http://127.0.0.1:8000/
Quit the server with CONTROL-C.
Performing system checks...

January 09, 2016 - 18:29:37
Django version 1.9, using settings 'mbta_django.settings'
Starting development server at http://127.0.0.1:8000/
Quit the server with CONTROL-C.
Performing system checks...

January 09, 2016 - 18:29:45
Django version 1.9, using settings 'mbta_django.settings'
Starting development server at http://127.0.0.1:8000/
Quit the server with CONTROL-C.
Performing system checks...

January 09, 2016 - 18:30:29
Django version 1.9, using settings 'mbta_django.settings'
Starting development server at http://127.0.0.1:8000/
Quit the server with CONTROL-C.
Performing system checks...

January 09, 2016 - 18:31:41
Django version 1.9, using settings 'mbta_django.settings'
Starting development server at http://127.0.0.1:8000/
Quit the server with CONTROL-C.
Performing system checks...

January 09, 2016 - 18:32:19
Django version 1.9, using settings 'mbta_django.settings'
Starting development server at http://127.0.0.1:8000/
Quit the server with CONTROL-C.
Performing system checks...

January 09, 2016 - 18:33:26
Django version 1.9, using settings 'mbta_django.settings'
Starting development server at http://127.0.0.1:8000/
Quit the server with CONTROL-C.
Performing system checks...

January 09, 2016 - 18:33:45
Django version 1.9, using settings 'mbta_django.settings'
Starting development server at http://127.0.0.1:8000/
Quit the server with CONTROL-C.
Performing system checks...

January 09, 2016 - 18:33:55
Django version 1.9, using settings 'mbta_django.settings'
Starting development server at http://127.0.0.1:8000/
Quit the server with CONTROL-C.
Performing system checks...

January 09, 2016 - 18:34:12
Django version 1.9, using settings 'mbta_django.settings'
Starting development server at http://127.0.0.1:8000/
Quit the server with CONTROL-C.
Performing system checks...

January 09, 2016 - 18:36:27
Django version 1.9, using settings 'mbta_django.settings'
Starting development server at http://127.0.0.1:8000/
Quit the server with CONTROL-C.
Performing system checks...

January 09, 2016 - 18:36:33
Django version 1.9, using settings 'mbta_django.settings'
Starting development server at http://127.0.0.1:8000/
Quit the server with CONTROL-C.
Performing system checks...

January 09, 2016 - 18:38:54
Django version 1.9, using settings 'mbta_django.settings'
Starting development server at http://127.0.0.1:8000/
Quit the server with CONTROL-C.
Performing system checks...

January 09, 2016 - 18:45:49
Django version 1.9, using settings 'mbta_django.settings'
Starting development server at http://127.0.0.1:8000/
Quit the server with CONTROL-C.
Performing system checks...

January 09, 2016 - 18:46:48
Django version 1.9, using settings 'mbta_django.settings'
Starting development server at http://127.0.0.1:8000/
Quit the server with CONTROL-C.
Performing system checks...

January 09, 2016 - 18:46:50
Django version 1.9, using settings 'mbta_django.settings'
Starting development server at http://127.0.0.1:8000/
Quit the server with CONTROL-C.
Performing system checks...

January 09, 2016 - 18:47:29
Django version 1.9, using settings 'mbta_django.settings'
Starting development server at http://127.0.0.1:8000/
Quit the server with CONTROL-C.
Performing system checks...

January 09, 2016 - 18:49:17
Django version 1.9, using settings 'mbta_django.settings'
Starting development server at http://127.0.0.1:8000/
Quit the server with CONTROL-C.
Performing system checks...

January 09, 2016 - 18:49:27
Django version 1.9, using settings 'mbta_django.settings'
Starting development server at http://127.0.0.1:8000/
Quit the server with CONTROL-C.
Performing system checks...

January 09, 2016 - 18:50:26
Django version 1.9, using settings 'mbta_django.settings'
Starting development server at http://127.0.0.1:8000/
Quit the server with CONTROL-C.
Performing system checks...

January 09, 2016 - 18:50:38
Django version 1.9, using settings 'mbta_django.settings'
Starting development server at http://127.0.0.1:8000/
Quit the server with CONTROL-C.
Performing system checks...

January 09, 2016 - 18:52:02
Django version 1.9, using settings 'mbta_django.settings'
Starting development server at http://127.0.0.1:8000/
Quit the server with CONTROL-C.
Performing system checks...

January 09, 2016 - 18:52:58
Django version 1.9, using settings 'mbta_django.settings'
Starting development server at http://127.0.0.1:8000/
Quit the server with CONTROL-C.
Performing system checks...

January 09, 2016 - 18:53:01
Django version 1.9, using settings 'mbta_django.settings'
Starting development server at http://127.0.0.1:8000/
Quit the server with CONTROL-C.
Performing system checks...

January 09, 2016 - 18:55:09
Django version 1.9, using settings 'mbta_django.settings'
Starting development server at http://127.0.0.1:8000/
Quit the server with CONTROL-C.
Performing system checks...

January 09, 2016 - 18:55:17
Django version 1.9, using settings 'mbta_django.settings'
Starting development server at http://127.0.0.1:8000/
Quit the server with CONTROL-C.
Performing system checks...

January 09, 2016 - 18:55:29
Django version 1.9, using settings 'mbta_django.settings'
Starting development server at http://127.0.0.1:8000/
Quit the server with CONTROL-C.
Performing system checks...

Performing system checks...

January 09, 2016 - 18:56:44
Django version 1.9, using settings 'mbta_django.settings'
Starting development server at http://127.0.0.1:8000/
Quit the server with CONTROL-C.
Performing system checks...

January 09, 2016 - 18:57:06
Django version 1.9, using settings 'mbta_django.settings'
Starting development server at http://127.0.0.1:8000/
Quit the server with CONTROL-C.
Performing system checks...

January 09, 2016 - 18:58:09
Django version 1.9, using settings 'mbta_django.settings'
Starting development server at http://127.0.0.1:8000/
Quit the server with CONTROL-C.
Performing system checks...

January 09, 2016 - 19:33:09
Django version 1.9, using settings 'mbta_django.settings'
Starting development server at http://127.0.0.1:8000/
Quit the server with CONTROL-C.
Performing system checks...

January 10, 2016 - 00:13:21
Django version 1.9, using settings 'mbta_django.settings'
Starting development server at http://127.0.0.1:8000/
Quit the server with CONTROL-C.
Performing system checks...

January 10, 2016 - 01:57:38
Django version 1.9, using settings 'mbta_django.settings'
Starting development server at http://127.0.0.1:8000/
Quit the server with CONTROL-C.
Performing system checks...

January 10, 2016 - 03:34:59
Django version 1.9, using settings 'mbta_django.settings'
Starting development server at http://127.0.0.1:8000/
Quit the server with CONTROL-C.
Performing system checks...

January 10, 2016 - 03:35:29
Django version 1.9, using settings 'mbta_django.settings'
Starting development server at http://127.0.0.1:8000/
Quit the server with CONTROL-C.
